[	31-03-2019 16:30:23	] [BAN ACTION] A new ban record has been added. Player: 'chocolatefupa' was banned by 'Xero113' for 'Banned by staff. FailRP/RDM - 6H Ban' until '31.03.2019 22:30:23'.
[	31-03-2019 16:41:53	] [BAN ACTION] A new ban record has been added. Player: 'Synthesyse' was banned by 'Xero113' for 'Banned by Staff. FailRP/RDMing - 6H Ban' until '31.03.2019 22:41:53'.
[	01-04-2019 01:17:40	] [BAN ACTION] A new ban record has been added. Player: 'Trevor' was banned by 'Xero113' for 'Banned by staff. Good bye forever kid.' until '01.01.3000 00:00:00' (forever).
[	04-04-2019 10:20:50	] [BAN ACTION] A new ban record has been added. Player: 'D. Franks' was banned by 'Xero113' for 'Banned by staff. Dont RDM. ' until '01.01.3000 00:00:00' (forever).
[	04-04-2019 10:57:51	] [BAN ACTION] The following ban record has been removed (player unbanned). [Player: D. Franks was banned by Xero113 for Banned by staff. Dont RDM.  until 01.01.3000 00:00:00.]
[	04-04-2019 19:40:22	] [BAN ACTION] A new ban record has been added. Player: 'ImJackBrody' was banned by 'Xero113' for 'Banned by staff. VDM' until '01.01.3000 00:00:00' (forever).
[	04-04-2019 19:44:28	] [KICK ACTION] Player: Xero113 has kicked: fax for: You have been kicked. Reason: AFK.
[	04-04-2019 19:44:39	] [KICK ACTION] Player: Xero113 has kicked: =A15=Dutch for: You have been kicked. Reason: AFK.
[	04-04-2019 20:16:57	] [BAN ACTION] A new ban record has been added. Player: 'Daco' was banned by 'Xero113' for 'Banned by staff.RDM/VDM' until '01.01.3000 00:00:00' (forever).
[	04-04-2019 21:35:17	] [BAN ACTION] A new ban record has been added. Player: 'exely' was banned by 'DudeRockTV' for 'FAIL RP AS REPORTED BY OFFICER JOHNSON' until '05.04.2019 03:35:17'.
[	04-04-2019 23:41:28	] [BAN ACTION] The following ban record has been removed (player unbanned). [Player: ImJackBrody was banned by Xero113 for Banned by staff. VDM until 01.01.3000 00:00:00.]
[	05-04-2019 09:51:52	] [BAN ACTION] A new ban record has been added. Player: 'KrispyG13' was banned by 'DudeRockTV' for 'YOUR CONNECTION DOESNT DROP EVERY TIME YOU DO A ROBBERY. WE SEE THE DISCONNECT' until '06.04.2019 09:51:51'.
[	05-04-2019 18:18:05	] [BAN ACTION] The following ban record has been removed (player unbanned). The player has been unbanned because their ban duration expired. [Player: exely was banned by DudeRockTV for FAIL RP AS REPORTED BY OFFICER JOHNSON until 05.04.2019 03:35:17.]
[	05-04-2019 19:47:39	] [BAN ACTION] A new ban record has been added. Player: 'SwiFT Tyfractal' was banned by 'Xero113' for 'Banned by staff. Video evidence provide of FailRP. If you with to appeal please make a post in discord.' until '01.01.3000 00:00:00' (forever).
[	05-04-2019 23:14:30	] [BAN ACTION] The following ban record has been removed (player unbanned). [Player: KrispyG13 was banned by DudeRockTV for YOUR CONNECTION DOESNT DROP EVERY TIME YOU DO A ROBBERY. WE SEE THE DISCONNECT until 06.04.2019 09:51:51.]
[	05-04-2019 23:14:34	] [BAN ACTION] The following ban record has been removed (player unbanned). [Player: Daco was banned by Xero113 for Banned by staff.RDM/VDM until 01.01.3000 00:00:00.]
[	07-04-2019 07:50:28	] [BAN ACTION] A new ban record has been added. Player: 'drips' was banned by 'DudeRockTV' for 'DONT AFK FARM MONEY' until '07.04.2019 13:50:28'.
[	07-04-2019 23:06:41	] [BAN ACTION] The following ban record has been removed (player unbanned). The player has been unbanned because their ban duration expired. [Player: drips was banned by DudeRockTV for DONT AFK FARM MONEY until 07.04.2019 13:50:28.]
[	08-04-2019 02:42:59	] [BAN ACTION] A new ban record has been added. Player: 'Felixitation' was banned by 'Xero113' for 'Banned by staff. FailRP' until '10.04.2019 02:42:59'.
[	08-04-2019 04:08:22	] [BAN ACTION] The following ban record has been removed (player unbanned). [Player: Felixitation was banned by Xero113 for Banned by staff. FailRP until 10.04.2019 02:42:59.]
[	09-04-2019 05:00:34	] [BAN ACTION] A new ban record has been added. Player: 'andyS' was banned by 'Rusty Shackleford' for 'Banned by staff.  You can't jsut shoot people if you get rammed' until '01.01.3000 00:00:00' (forever).
[	09-04-2019 23:41:51	] [BAN ACTION] A new ban record has been added. Player: 'L. Roma' was banned by 'DudeRockTV' for 'Exploiting Duping with Drugs. No Chance of Appeal. 2nd time caught exploiting' until '01.01.3000 00:00:00' (forever).
[	09-04-2019 23:42:20	] [BAN ACTION] A new ban record has been added. Player: 'dope4fly' was banned by 'DudeRockTV' for 'Got taught how to use an exploit. This is your second ban. No More Appeal. Find somewhere else to play.' until '01.01.3000 00:00:00' (forever).
[	10-04-2019 05:19:08	] [BAN ACTION] The following ban record has been removed (player unbanned). [Player: L. Roma was banned by DudeRockTV for Exploiting Duping with Drugs. No Chance of Appeal. 2nd time caught exploiting until 01.01.3000 00:00:00.]
[	10-04-2019 05:19:12	] [BAN ACTION] The following ban record has been removed (player unbanned). [Player: dope4fly was banned by DudeRockTV for Got taught how to use an exploit. This is your second ban. No More Appeal. Find somewhere else to play. until 01.01.3000 00:00:00.]
[	10-04-2019 08:25:21	] [KICK ACTION] Player: Rusty Shackleford has kicked: Hiddennight for: You have been kicked. Reason: AFK.
[	10-04-2019 08:26:36	] [KICK ACTION] Player: Rusty Shackleford has kicked: TxBUTTERxT for: You have been kicked. Reason: AFK.
[	22-04-2019 14:15:35	] [BAN ACTION] A new ban record has been added. Player: 'Coolpot' was banned by 'Kylie' for 'Banned by staff fuck off cheater' until '1/1/3000 12:00:00 AM' (forever).
[	22-04-2019 17:28:12	] [BAN ACTION] A new ban record has been added. Player: 'bernaxz' was banned by 'Navi' for 'Banned by staff.Multiple Counts of RDM ' until '1/1/3000 12:00:00 AM' (forever).
[	22-04-2019 17:50:40	] [BAN ACTION] A new ban record has been added. Player: 'KYOTTO' was banned by 'Navi' for 'Banned by staff.FailRP and RDM' until '1/1/3000 12:00:00 AM' (forever).
[	22-04-2019 18:02:51	] [BAN ACTION] A new ban record has been added. Player: 'black salami' was banned by 'Navi' for 'Banned by staff.RDM Multiple Times' until '4/23/2019 6:02:51 AM'.
[	22-04-2019 18:05:47	] [BAN ACTION] A new ban record has been added. Player: 'Siny' was banned by 'Navi' for 'Banned by staff.RDM Only chance' until '4/23/2019 6:05:47 AM'.
[	28-04-2019 19:44:02	] [BAN ACTION] A new ban record has been added. Player: 'Phased' was banned by 'dunlap' for 'Banned by staff.FailRP-multiple counts.  Combat Logging - multiple counts' until '4/29/2019 1:44:02 AM'.
[	29-04-2019 11:34:23	] [BAN ACTION] The following ban record has been removed (player unbanned). The player has been unbanned because their ban duration expired. [Player: Phased was banned by dunlap for Banned by staff.FailRP-multiple counts.  Combat Logging - multiple counts until 4/29/2019 1:44:02 AM.]
[	08-05-2019 11:12:32	] [BAN ACTION] A new ban record has been added. Player: 'RicardoMilos' was banned by 'DudeRockTV' for 'FAIL RP as reported by Staff. 6 hour Temp' until '5/8/2019 5:12:32 PM'.
[	09-05-2019 07:14:07	] [BAN ACTION] The following ban record has been removed (player unbanned). The player has been unbanned because their ban duration expired. [Player: RicardoMilos was banned by DudeRockTV for FAIL RP as reported by Staff. 6 hour Temp until 5/8/2019 5:12:32 PM.]
[	11-05-2019 03:14:37	] [KICK ACTION] Player: Xero113 has kicked: Water Drop for: You have been kicked. Reason: Combat Logging after death and rejoining to avoid EMS..
[	11-05-2019 03:35:52	] [KICK ACTION] Player: dunlap has kicked: David J. for: You have been kicked. Reason: afk.
[	14-05-2019 02:05:34	] [BAN ACTION] A new ban record has been added. Player: 'Taylor Swift' was banned by 'dunlap' for 'Banned by staff. Creating Characters to give money away.' until '01/01/3000 00:00:00' (forever).
[	14-05-2019 02:06:08	] [BAN ACTION] A new ban record has been added. Player: 'gg fam' was banned by 'dunlap' for 'Banned by staff. Creating toons to get free money.' until '01/01/3000 00:00:00' (forever).
[	15-05-2019 01:17:26	] [BAN ACTION] A new ban record has been added. Player: 'weedman.bigdoinks' was banned by 'Da Noob 2000' for 'Banned by staff. RDM, language' until '1/1/3000 12:00:00 AM' (forever).
[	15-05-2019 23:08:27	] [BAN ACTION] A new ban record has been added. Player: 'bada bing bada boom' was banned by 'dunlap' for 'Banned by staff. RDM - Fail RP' until '1/1/3000 12:00:00 AM' (forever).
[	15-05-2019 23:09:34	] [BAN ACTION] A new ban record has been added. Player: 'Livien' was banned by 'dunlap' for 'Banned by staff. RDM - Explosive pistol.' until '1/1/3000 12:00:00 AM' (forever).
[	15-05-2019 23:10:18	] [BAN ACTION] A new ban record has been added. Player: 'Z. Perez' was banned by 'dunlap' for 'Banned by staff. RDM - Fail RP' until '1/1/3000 12:00:00 AM' (forever).
[	15-05-2019 23:11:08	] [BAN ACTION] A new ban record has been added. Player: 'InvalidPlayerName' was banned by 'dunlap' for 'Banned by staff. Fail RP - RDM.' until '1/1/3000 12:00:00 AM' (forever).
[	16-05-2019 16:37:27	] [BAN ACTION] A new ban record has been added. Player: 'kilokweal' was banned by 'Da Noob 2000' for 'Banned by staff. FailRP, wont talk' until '1/1/3000 12:00:00 AM' (forever).
[	16-05-2019 16:52:47	] [BAN ACTION] The following ban record has been removed (player unbanned). [Player: kilokweal was banned by Da Noob 2000 for Banned by staff. FailRP, wont talk until 1/1/3000 12:00:00 AM.]
[	16-05-2019 17:08:29	] [BAN ACTION] A new ban record has been added. Player: 'John Clay' was banned by 'Da Noob 2000' for 'Banned by staff. Invisible' until '1/1/3000 12:00:00 AM' (forever).
[	16-05-2019 18:17:02	] [BAN ACTION] A new ban record has been added. Player: 'FrozenStache' was banned by 'Da Noob 2000' for 'Banned by staff. RDM, failrp' until '5/17/2019 6:17:02 PM'.
[	16-05-2019 23:00:00	] [BAN ACTION] A new ban record has been added. Player: 'Sir Reginald The Second' was banned by 'dunlap' for 'Banned by staff. RDM' until '1/1/3000 12:00:00 AM' (forever).
[	16-05-2019 23:00:07	] [BAN ACTION] A new ban record has been added. Player: 'OneClick' was banned by 'dunlap' for 'Banned by staff. RDM prick' until '1/1/3000 12:00:00 AM' (forever).
[	17-05-2019 01:03:55	] [BAN ACTION] A new ban record has been added. Player: 'ima kms' was banned by 'dunlap' for 'Banned by staff. RDM.  Tried to talk to him and no response.  ' until '1/1/3000 12:00:00 AM' (forever).
[	17-05-2019 01:12:47	] [BAN ACTION] A new ban record has been added. Player: 'Wolfie1g' was banned by 'dunlap' for 'Banned by staff. Has friend creating characters and giving him money.  Completly against rules.' until '1/1/3000 12:00:00 AM' (forever).
[	17-05-2019 01:13:33	] [BAN ACTION] A new ban record has been added. Player: 'InvalidPlayerName' was banned by 'dunlap' for 'Banned by staff. Creating characters to give friend money.' until '1/1/3000 12:00:00 AM' (forever).
[	17-05-2019 01:20:55	] [BAN ACTION] A new ban record has been added. Player: 'not bagel' was banned by 'dunlap' for 'Banned by staff. Creating characters to give money to friend.' until '1/1/3000 12:00:00 AM' (forever).
[	20-05-2019 19:51:58	] [BAN ACTION] A new ban record has been added. Player: 'Herds Ferguson' was banned by 'Xero113' for 'Banned by staff. Farming Exploit' until '1/1/3000 12:00:00 AM' (forever).
[	22-05-2019 10:59:19	] [BAN ACTION] A new ban record has been added. Player: 'b00tyc0nsumer69' was banned by 'MotoDestructo' for 'Banned by staff. Changing your steam name is not helping the issue' until '5/22/2019 4:59:19 PM'.
[	22-05-2019 21:18:46	] [BAN ACTION] A new ban record has been added. Player: 'AssistCS' was banned by 'MotoDestructo' for 'Banned by staff. Failrp. Riding a bike like this is GTA online. This isn't xgames and ou don't have super powers. Take a break' until '5/22/2019 10:18:45 PM'.
[	22-05-2019 23:42:15	] [BAN ACTION] The following ban record has been removed (player unbanned). [Player: John Clay was banned by Da Noob 2000 for Banned by staff. Invisible until 1/1/3000 12:00:00 AM.]
[	23-05-2019 04:47:03	] [KICK ACTION] Player: Kylie has kicked: i Spooky for: You have been kicked. Reason: Broken.
[	23-05-2019 14:25:25	] [BAN ACTION] The following ban record has been removed (player unbanned). The player has been unbanned because their ban duration expired. [Player: AssistCS was banned by MotoDestructo for Banned by staff. Failrp. Riding a bike like this is GTA online. This isn't xgames and ou don't have super powers. Take a break until 5/22/2019 10:18:45 PM.]
[	23-05-2019 16:27:25	] [BAN ACTION] A new ban record has been added. Player: 'glue ranger' was banned by 'Jinks' for 'Banned by staff. RDM an admin within 5 seconds of him connecting.  Not smart.' until '1/1/3000 12:00:00 AM'.
[	23-05-2019 17:04:30	] [BAN ACTION] A new ban record has been added. Player: 'Hancho' was banned by 'Maev' for 'Banned by staff.' until '1/1/3000 12:00:00 AM'.
[	23-05-2019 18:01:05	] [BAN ACTION] A new ban record has been added. Player: 'Menacetoyou' was banned by 'chickenwing' for 'Banned by staff. message mitchell ' until '1/1/3000 12:00:00 AM'.
[	23-05-2019 21:53:33	] [BAN ACTION] A new ban record has been added. Player: 'Negev only' was banned by 'chickenwing' for 'Banned by staff. RDM of the hottest cop ' until '1/1/3000 12:00:00 AM'.
[	24-05-2019 02:34:25	] [BAN ACTION] A new ban record has been added. Player: 'Trockle' was banned by 'Nothing' for 'Banned by staff. RDM - Not following blur - rules. need to calm down the character.' until '5/24/2019 8:34:25 AM'.
[	24-05-2019 03:51:01	] [BAN ACTION] The following ban record has been removed (player unbanned). The player has been unbanned because their ban duration expired. [Player: b00tyc0nsumer69 was banned by MotoDestructo for Banned by staff. Changing your steam name is not helping the issue until 5/22/2019 1:59:19 PM.]
[	24-05-2019 21:10:15	] [BAN ACTION] The following ban record has been removed (player unbanned). The player has been unbanned because their ban duration expired. [Player: Trockle was banned by Nothing for Banned by staff. RDM - Not following blur - rules. need to calm down the character. until 5/24/2019 8:34:25 AM.]
[	24-05-2019 22:59:31	] [BAN ACTION] A new ban record has been added. Player: 'Lil Stump' was banned by 'MotoDestructo' for 'Banned by staff.RDM' until '1/1/3000 12:00:00 AM'.
[	24-05-2019 22:59:43	] [BAN ACTION] A new ban record has been added. Player: 'ShootingPython' was banned by 'MotoDestructo' for 'Banned by staff.RDM' until '1/1/3000 12:00:00 AM'.
[	24-05-2019 23:01:47	] [BAN ACTION] A new ban record has been added. Player: 'steven kimura' was banned by 'Perennial' for 'Banned by staff.' until '6/14/2019 7:01:47 PM'.
[	24-05-2019 23:07:08	] [BAN ACTION] A new ban record has been added. Player: 'ImVegan' was banned by 'MotoDestructo' for 'Banned by staff.VDM' until '1/1/3000 12:00:00 AM'.
[	24-05-2019 23:42:27	] [BAN ACTION] A new ban record has been added. Player: 'MvOFantum' was banned by 'MotoDestructo' for 'Banned by staff.RDm on PD and two admins' until '1/1/3000 12:00:00 AM'.
[	25-05-2019 09:58:44	] [BAN ACTION] A new ban record has been added. Player: 'Trockle' was banned by 'Perennial' for 'Banned by staff.' until '5/27/2019 9:58:44 AM'.
[	25-05-2019 14:40:47	] [BAN ACTION] A new ban record has been added. Player: 'Srirachh' was banned by 'Nothing' for 'Banned by staff.' until '1/1/3000 12:00:00 AM'.
[	25-05-2019 22:36:07	] [BAN ACTION] A new ban record has been added. Player: 'seneca boone' was banned by 'Scarlet' for 'Banned for committing crimes while hacking' until '1/1/3000 12:00:00 AM'.
[	26-05-2019 02:16:34	] [KICK ACTION] Player: Nothing has kicked: King ViVi for: You have been kicked. Reason: AFK.
[	26-05-2019 03:35:21	] [BAN ACTION] A new ban record has been added. Player: 'Hawakii On Twitch' was banned by 'Nothing' for 'Banned by staff.' until '1/1/3000 12:00:00 AM'.
[	26-05-2019 03:36:14	] [BAN ACTION] A new ban record has been added. Player: 'loccopenny' was banned by 'Nothing' for 'Banned by staff.' until '1/1/3000 12:00:00 AM'.
[	26-05-2019 03:40:13	] [BAN ACTION] A new ban record has been added. Player: 'InvalidPlayerName' was banned by 'Derp123' for 'Banned by staff. FailRP. Clearly was in a situation where you should have been clearly cuffed and escorted but instead fired at an officer while attempting to run. FUCKING THINK. Last Chance.' until '5/26/2019 9:40:13 AM'.
[	26-05-2019 03:45:21	] [BAN ACTION] A new ban record has been added. Player: 'Hendrix' was banned by 'DudeRockTV' for 'RP situation = Should have been cuffed. Told to wait. Instead FAIL RPd and chose to run -As per mod - Enforced by DudeRock... LAST CHANCE.' until '5/26/2019 9:45:21 AM'.
[	26-05-2019 08:42:01	] [BAN ACTION] A new ban record has been added. Player: 'aceshigh2017.jw' was banned by 'Perennial' for 'Banned by staff.' until '5/26/2019 10:12:00 AM'.
[	26-05-2019 08:51:59	] [BAN ACTION] A new ban record has been added. Player: 'Flicktop' was banned by 'Perennial' for 'Banned by staff' until '5/26/2019 1:51:59 PM'.
[	26-05-2019 11:58:14	] [BAN ACTION] A new ban record has been added. Player: 'laxer522' was banned by 'Perennial' for 'Banned by staff.' until '5/26/2019 4:58:13 PM'.
[	26-05-2019 15:07:21	] [BAN ACTION] The following ban record has been removed (player unbanned). The player has been unbanned because their ban duration expired. [Player: Hendrix was banned by DudeRockTV for RP situation = Should have been cuffed. Told to wait. Instead FAIL RPd and chose to run -As per mod - Enforced by DudeRock... LAST CHANCE. until 5/26/2019 9:45:21 AM.]
[	26-05-2019 23:19:34	] [BAN ACTION] The following ban record has been removed (player unbanned). The player has been unbanned because their ban duration expired. [Player: laxer522 was banned by Perennial for Banned by staff. until 5/26/2019 4:58:13 PM.]
[	27-05-2019 01:30:44	] [BAN ACTION] A new ban record has been added. Player: 'King Quez' was banned by 'Dunlap' for 'Banned by staff. RDM' until '1/1/3000 12:00:00 AM'.
[	27-05-2019 02:12:30	] [BAN ACTION] A new ban record has been added. Player: 'Swatowski' was banned by 'Dunlap' for 'Banned by staff. RDM.' until '1/1/3000 12:00:00 AM'.
[	27-05-2019 10:04:30	] [BAN ACTION] A new ban record has been added. Player: 'Fpsacha' was banned by 'MotoDestructo' for 'Banned by staff.Player was reported afk paycheck farming. Confirmed' until '1/1/3000 12:00:00 AM'.
[	27-05-2019 13:37:03	] [BAN ACTION] The following ban record has been removed (player unbanned). [Player: Fpsacha was banned by MotoDestructo for Banned by staff.Player was reported afk paycheck farming. Confirmed until 1/1/3000 12:00:00 AM.]
[	27-05-2019 22:12:03	] [BAN ACTION] A new ban record has been added. Player: 'lstokes531' was banned by 'Maev' for 'Need a mic. Can't just hit/kill.' until '5/28/2019 4:12:03 AM'.
[	27-05-2019 23:07:21	] [KICK ACTION] Player: Maev has kicked: Jaxz for: You have been kicked. Reason: AFK.
[	28-05-2019 14:25:06	] [BAN ACTION] The following ban record has been removed (player unbanned). The player has been unbanned because their ban duration expired. [Player: Trockle was banned by Perennial for Banned by staff. until 5/27/2019 9:58:44 AM.]
[	28-05-2019 19:44:06	] [BAN ACTION] A new ban record has been added. Player: 'Fpsacha' was banned by 'MotoDestructo' for 'Banned by staff.' until '5/29/2019 1:44:06 AM'.
[	28-05-2019 20:42:03	] [BAN ACTION] A new ban record has been added. Player: 'Trockle' was banned by 'Da Noob 2000' for 'Banned by staff.' until '1/1/3000 12:00:00 AM'.
[	29-05-2019 20:14:13	] [BAN ACTION] The following ban record has been removed (player unbanned). The player has been unbanned because their ban duration expired. [Player: Fpsacha was banned by MotoDestructo for Banned by staff. until 5/29/2019 1:44:06 AM.]
[	30-05-2019 00:43:29	] [BAN ACTION] A new ban record has been added. Player: 'Long Tan & Handsome' was banned by 'Nothing' for 'Banned by staff. Cop avoidance through suicide.' until '1/1/3000 12:00:00 AM'.
[	30-05-2019 05:51:26	] [BAN ACTION] A new ban record has been added. Player: 'thejuug' was banned by 'DudeRockTV' for 'Banned by staff.' until '1/1/3000 12:00:00 AM'.
[	01-06-2019 21:56:50	] [BAN ACTION] The following ban record has been removed (player unbanned). The player has been unbanned because their ban duration expired. [Player: lstokes531 was banned by Maev for Need a mic. Can't just hit/kill. until 5/28/2019 4:12:03 AM.]
[	05-06-2019 13:01:10	] [BAN ACTION] A new ban record has been added. Player: 'WetPanties' was banned by 'chickenwing' for 'Banned by staff. 72 hours C logged and wont talk to a staff member after 1 tapping 4 cops in the head' until '6/8/2019 1:01:10 PM'.
[	06-06-2019 10:25:15	] [BAN ACTION] A new ban record has been added. Player: 'OMAR' was banned by 'Perennial' for 'Duping, all the prior stuff. Glhf' until '1/1/3000 12:00:00 AM'.
[	08-06-2019 13:34:22	] [BAN ACTION] The following ban record has been removed (player unbanned). The player has been unbanned because their ban duration expired. [Player: WetPanties was banned by chickenwing for Banned by staff. 72 hours C logged and wont talk to a staff member after 1 tapping 4 cops in the head until 6/8/2019 1:01:10 PM.]
[	01-07-2019 19:55:34	] [BAN ACTION] A new ban record has been added. Player: 'Twitch Krazyk47' was banned by 'Kylie' for 'Banned by staff. 72 Hour ban for not putting hands up' until '7/4/2019 7:55:34 PM'.
[	02-07-2019 17:31:53	] [BAN ACTION] A new ban record has been added. Player: 'Niko' was banned by 'Not a Admin' for 'Banned by staff. wont talk to cops x2 was playing x2 he robbed made cops sit in cell for 25mins plus doing nothing ' until '7/5/2019 5:31:53 PM'.
[	03-07-2019 13:02:42	] [BAN ACTION] The following ban record has been removed (player unbanned). [Player: Twitch Krazyk47 was banned by Kylie for Banned by staff. 72 Hour ban for not putting hands up until 7/4/2019 7:55:34 PM.]
[	05-07-2019 11:57:40	] [BAN ACTION] The following ban record has been removed (player unbanned). [Player: Niko was banned by Not a Admin for Banned by staff. wont talk to cops x2 was playing x2 he robbed made cops sit in cell for 25mins plus doing nothing  until 7/5/2019 5:31:53 PM.]
[	19-07-2019 04:50:39	] [BAN ACTION] A new ban record has been added. Player: 'Aldo De Luca' was banned by 'Perennial' for 'To be continued.' until '7/19/2019 10:50:39 AM'.
[	19-07-2019 17:20:21	] [BAN ACTION] The following ban record has been removed (player unbanned). The player has been unbanned because their ban duration expired. [Player: Aldo De Luca was banned by Perennial for To be continued. until 7/19/2019 10:50:39 AM.]
[	06-08-2019 02:12:35	] [BAN ACTION] A new ban record has been added. Player: 'InvalidPlayerName' was banned by 'Not a Admin' for 'Banned by staff. dbag ' until '1/1/3000 12:00:00 AM'.
